This is pdfTeX, Version 3.14159265-2.6-1.40.18 (TeX Live 2017/Debian) (preloaded format=pdflatex 2019.3.27)  21 JUN 2019 16:50
entering extended mode
 restricted \write18 enabled.
 %&-line parsing enabled.
**ONBI_ROTATION_PROJECT1_DELASPENAS.tex
(./ONBI_ROTATION_PROJECT1_DELASPENAS.tex
LaTeX2e <2017-04-15>
Babel <3.18> and hyphenation patterns for 84 language(s) loaded.
(./IEEEtran.cls
Document Class: IEEEtran 2015/08/26 V1.8b by Michael Shell
-- See the "IEEEtran_HOWTO" manual for usage information.
-- http://www.michaelshell.org/tex/ieeetran/
\@IEEEtrantmpdimenA=\dimen102
\@IEEEtrantmpdimenB=\dimen103
\@IEEEtrantmpdimenC=\dimen104
\@IEEEtrantmpcountA=\count79
\@IEEEtrantmpcountB=\count80
\@IEEEtrantmpcountC=\count81
\@IEEEtrantmptoksA=\toks14
LaTeX Font Info:    Try loading font information for OT1+ppl on input line 503.

(/usr/share/texlive/texmf-dist/tex/latex/psnfss/ot1ppl.fd
File: ot1ppl.fd 2001/06/04 font definitions for OT1/ppl.
)
-- Using IEEE Computer Society mode.
-- Using 8.5in x 11in (letter) paper.
-- Using PDF output.
\@IEEEnormalsizeunitybaselineskip=\dimen105
-- This is a 10 point document.
\CLASSINFOnormalsizebaselineskip=\dimen106
\CLASSINFOnormalsizeunitybaselineskip=\dimen107
\IEEEnormaljot=\dimen108
LaTeX Font Info:    Font shape `OT1/ppl/bx/n' in size <5.01874> not available
(Font)              Font shape `OT1/ppl/b/n' tried instead on input line 1090.
LaTeX Font Info:    Font shape `OT1/ppl/bx/it' in size <5.01874> not available
(Font)              Font shape `OT1/ppl/b/it' tried instead on input line 1090.

LaTeX Font Info:    Font shape `OT1/ppl/bx/n' in size <7.02625> not available
(Font)              Font shape `OT1/ppl/b/n' tried instead on input line 1090.
LaTeX Font Info:    Font shape `OT1/ppl/bx/it' in size <7.02625> not available
(Font)              Font shape `OT1/ppl/b/it' tried instead on input line 1090.

LaTeX Font Info:    Font shape `OT1/ppl/bx/n' in size <8.03> not available
(Font)              Font shape `OT1/ppl/b/n' tried instead on input line 1090.
LaTeX Font Info:    Font shape `OT1/ppl/bx/it' in size <8.03> not available
(Font)              Font shape `OT1/ppl/b/it' tried instead on input line 1090.

LaTeX Font Info:    Font shape `OT1/ppl/bx/n' in size <9.03374> not available
(Font)              Font shape `OT1/ppl/b/n' tried instead on input line 1090.
LaTeX Font Info:    Font shape `OT1/ppl/bx/it' in size <9.03374> not available
(Font)              Font shape `OT1/ppl/b/it' tried instead on input line 1090.

LaTeX Font Info:    Font shape `OT1/ppl/bx/n' in size <9.53561> not available
(Font)              Font shape `OT1/ppl/b/n' tried instead on input line 1090.
LaTeX Font Info:    Font shape `OT1/ppl/bx/it' in size <9.53561> not available
(Font)              Font shape `OT1/ppl/b/it' tried instead on input line 1090.

LaTeX Font Info:    Font shape `OT1/ppl/bx/n' in size <11.04124> not available
(Font)              Font shape `OT1/ppl/b/n' tried instead on input line 1090.
LaTeX Font Info:    Font shape `OT1/ppl/bx/it' in size <11.04124> not available

(Font)              Font shape `OT1/ppl/b/it' tried instead on input line 1090.

LaTeX Font Info:    Font shape `OT1/ppl/bx/n' in size <12.045> not available
(Font)              Font shape `OT1/ppl/b/n' tried instead on input line 1090.
LaTeX Font Info:    Font shape `OT1/ppl/bx/it' in size <12.045> not available
(Font)              Font shape `OT1/ppl/b/it' tried instead on input line 1090.

LaTeX Font Info:    Font shape `OT1/ppl/bx/n' in size <17.06374> not available
(Font)              Font shape `OT1/ppl/b/n' tried instead on input line 1090.
LaTeX Font Info:    Font shape `OT1/ppl/bx/it' in size <17.06374> not available

(Font)              Font shape `OT1/ppl/b/it' tried instead on input line 1090.

LaTeX Font Info:    Font shape `OT1/ppl/bx/n' in size <20.075> not available
(Font)              Font shape `OT1/ppl/b/n' tried instead on input line 1090.
LaTeX Font Info:    Font shape `OT1/ppl/bx/it' in size <20.075> not available
(Font)              Font shape `OT1/ppl/b/it' tried instead on input line 1090.

LaTeX Font Info:    Font shape `OT1/ppl/bx/n' in size <24.09> not available
(Font)              Font shape `OT1/ppl/b/n' tried instead on input line 1090.
LaTeX Font Info:    Font shape `OT1/ppl/bx/it' in size <24.09> not available
(Font)              Font shape `OT1/ppl/b/it' tried instead on input line 1090.

\IEEEquantizedlength=\dimen109
\IEEEquantizedlengthdiff=\dimen110
\IEEEquantizedtextheightdiff=\dimen111
\IEEEilabelindentA=\dimen112
\IEEEilabelindentB=\dimen113
\IEEEilabelindent=\dimen114
\IEEEelabelindent=\dimen115
\IEEEdlabelindent=\dimen116
\IEEElabelindent=\dimen117
\IEEEiednormlabelsep=\dimen118
\IEEEiedmathlabelsep=\dimen119
\IEEEiedtopsep=\skip41
\c@section=\count82
\c@subsection=\count83
\c@subsubsection=\count84
\c@paragraph=\count85
\c@IEEEsubequation=\count86
\abovecaptionskip=\skip42
\belowcaptionskip=\skip43
\c@figure=\count87
\c@table=\count88
\@IEEEeqnnumcols=\count89
\@IEEEeqncolcnt=\count90
\@IEEEsubeqnnumrollback=\count91
\@IEEEquantizeheightA=\dimen120
\@IEEEquantizeheightB=\dimen121
\@IEEEquantizeheightC=\dimen122
\@IEEEquantizeprevdepth=\dimen123
\@IEEEquantizemultiple=\count92
\@IEEEquantizeboxA=\box26
\@IEEEtmpitemindent=\dimen124
\IEEEPARstartletwidth=\dimen125
\c@IEEEbiography=\count93
\@IEEEtranrubishbin=\box27
) (/usr/share/texlive/texmf-dist/tex/latex/graphics/graphicx.sty
Package: graphicx 2017/06/01 v1.1a Enhanced LaTeX Graphics (DPC,SPQR)

(/usr/share/texlive/texmf-dist/tex/latex/graphics/keyval.sty
Package: keyval 2014/10/28 v1.15 key=value parser (DPC)
\KV@toks@=\toks15
)
(/usr/share/texlive/texmf-dist/tex/latex/graphics/graphics.sty
Package: graphics 2017/06/25 v1.2c Standard LaTeX Graphics (DPC,SPQR)

(/usr/share/texlive/texmf-dist/tex/latex/graphics/trig.sty
Package: trig 2016/01/03 v1.10 sin cos tan (DPC)
)
(/usr/share/texlive/texmf-dist/tex/latex/graphics-cfg/graphics.cfg
File: graphics.cfg 2016/06/04 v1.11 sample graphics configuration
)
Package graphics Info: Driver file: pdftex.def on input line 99.

(/usr/share/texlive/texmf-dist/tex/latex/graphics-def/pdftex.def
File: pdftex.def 2018/01/08 v1.0l Graphics/color driver for pdftex
))
\Gin@req@height=\dimen126
\Gin@req@width=\dimen127
)
(/usr/share/texlive/texmf-dist/tex/latex/amsmath/amsmath.sty
Package: amsmath 2017/09/02 v2.17a AMS math features
\@mathmargin=\skip44

For additional information on amsmath, use the `?' option.
(/usr/share/texlive/texmf-dist/tex/latex/amsmath/amstext.sty
Package: amstext 2000/06/29 v2.01 AMS text

(/usr/share/texlive/texmf-dist/tex/latex/amsmath/amsgen.sty
File: amsgen.sty 1999/11/30 v2.0 generic functions
\@emptytoks=\toks16
\ex@=\dimen128
))
(/usr/share/texlive/texmf-dist/tex/latex/amsmath/amsbsy.sty
Package: amsbsy 1999/11/29 v1.2d Bold Symbols
\pmbraise@=\dimen129
)
(/usr/share/texlive/texmf-dist/tex/latex/amsmath/amsopn.sty
Package: amsopn 2016/03/08 v2.02 operator names
)
\inf@bad=\count94
LaTeX Info: Redefining \frac on input line 213.
\uproot@=\count95
\leftroot@=\count96
LaTeX Info: Redefining \overline on input line 375.
\classnum@=\count97
\DOTSCASE@=\count98
LaTeX Info: Redefining \ldots on input line 472.
LaTeX Info: Redefining \dots on input line 475.
LaTeX Info: Redefining \cdots on input line 596.
\Mathstrutbox@=\box28
\strutbox@=\box29
\big@size=\dimen130
LaTeX Font Info:    Redeclaring font encoding OML on input line 712.
LaTeX Font Info:    Redeclaring font encoding OMS on input line 713.
\macc@depth=\count99
\c@MaxMatrixCols=\count100
\dotsspace@=\muskip10
\c@parentequation=\count101
\dspbrk@lvl=\count102
\tag@help=\toks17
\row@=\count103
\column@=\count104
\maxfields@=\count105
\andhelp@=\toks18
\eqnshift@=\dimen131
\alignsep@=\dimen132
\tagshift@=\dimen133
\tagwidth@=\dimen134
\totwidth@=\dimen135
\lineht@=\dimen136
\@envbody=\toks19
\multlinegap=\skip45
\multlinetaggap=\skip46
\mathdisplay@stack=\toks20
LaTeX Info: Redefining \[ on input line 2817.
LaTeX Info: Redefining \] on input line 2818.
)
(/usr/share/texlive/texmf-dist/tex/latex/algorithms/algorithm.sty
Package: algorithm 2009/08/24 v0.1 Document Style `algorithm' - floating enviro
nment

(/usr/share/texlive/texmf-dist/tex/latex/float/float.sty
Package: float 2001/11/08 v1.3d Float enhancements (AL)
\c@float@type=\count106
\float@exts=\toks21
\float@box=\box30
\@float@everytoks=\toks22
\@floatcapt=\box31
)
(/usr/share/texlive/texmf-dist/tex/latex/base/ifthen.sty
Package: ifthen 2014/09/29 v1.1c Standard LaTeX ifthen package (DPC)
)
\@float@every@algorithm=\toks23
\c@algorithm=\count107
)
(/usr/share/texlive/texmf-dist/tex/latex/algorithmicx/algpseudocode.sty
Package: algpseudocode 

(/usr/share/texlive/texmf-dist/tex/latex/algorithmicx/algorithmicx.sty
Package: algorithmicx 2005/04/27 v1.2 Algorithmicx

Document Style algorithmicx 1.2 - a greatly improved `algorithmic' style
\c@ALG@line=\count108
\c@ALG@rem=\count109
\c@ALG@nested=\count110
\ALG@tlm=\skip47
\ALG@thistlm=\skip48
\c@ALG@Lnr=\count111
\c@ALG@blocknr=\count112
\c@ALG@storecount=\count113
\c@ALG@tmpcounter=\count114
\ALG@tmplength=\skip49
)
Document Style - pseudocode environments for use with the `algorithmicx' style
) (/usr/share/texlive/texmf-dist/tex/latex/tools/array.sty
Package: array 2016/10/06 v2.4d Tabular extension package (FMi)
\col@sep=\dimen137
\extrarowheight=\dimen138
\NC@list=\toks24
\extratabsurround=\skip50
\backup@length=\skip51
)
(/usr/share/texlive/texmf-dist/tex/latex/caption/subcaption.sty
Package: subcaption 2016/05/22 v1.1-161 Sub-captions (AR)

(/usr/share/texlive/texmf-dist/tex/latex/caption/caption.sty
Package: caption 2016/02/21 v3.3-144 Customizing captions (AR)

(/usr/share/texlive/texmf-dist/tex/latex/caption/caption3.sty
Package: caption3 2016/05/22 v1.7-166 caption3 kernel (AR)
Package caption3 Info: TeX engine: e-TeX on input line 67.
\captionmargin=\dimen139
\captionmargin@=\dimen140
\captionwidth=\dimen141
\caption@tempdima=\dimen142
\caption@indent=\dimen143
\caption@parindent=\dimen144
\caption@hangindent=\dimen145
Package caption Info: Unknown document class (or package),
(caption)             standard defaults will be used.
)

Package caption Warning: Unsupported document class (or package) detected,
(caption)                usage of the caption package is not recommended.
See the caption package documentation for explanation.

Package caption Info: \@makecaption = \long macro:#1#2->\ifx \@captype \@IEEEta
blestring \footnotesize \bgroup \par \centering \@IEEEtabletopskipstrut {\norma
lfont \sffamily \footnotesize #1}\\{\normalfont \sffamily \footnotesize #2}\par
 \addvspace {0.5\baselineskip }\egroup \@IEEEtablecaptionsepspace \else \@IEEEf
igurecaptionsepspace \setbox \@tempboxa \hbox {\normalfont \sffamily \footnotes
ize {#1.}\nobreakspace #2}\ifdim \wd \@tempboxa >\hsize \setbox \@tempboxa \hbo
x {\normalfont \sffamily \footnotesize {#1.}\nobreakspace }\parbox [t]{\hsize }
{\normalfont \sffamily \footnotesize \noindent \unhbox \@tempboxa #2}\else \hbo
x to\hsize {\normalfont \sffamily \footnotesize \box \@tempboxa \hfil }\fi \fi 
.
\c@ContinuedFloat=\count115
Package caption Info: float package is loaded.
)
\c@subfigure=\count116
\c@subtable=\count117
) (./ONBI_ROTATION_PROJECT1_DELASPENAS.aux)
\openout1 = `ONBI_ROTATION_PROJECT1_DELASPENAS.aux'.

LaTeX Font Info:    Checking defaults for OML/cmm/m/it on input line 14.
LaTeX Font Info:    ... okay on input line 14.
LaTeX Font Info:    Checking defaults for T1/cmr/m/n on input line 14.
LaTeX Font Info:    ... okay on input line 14.
LaTeX Font Info:    Checking defaults for OT1/cmr/m/n on input line 14.
LaTeX Font Info:    ... okay on input line 14.
LaTeX Font Info:    Checking defaults for OMS/cmsy/m/n on input line 14.
LaTeX Font Info:    ... okay on input line 14.
LaTeX Font Info:    Checking defaults for OMX/cmex/m/n on input line 14.
LaTeX Font Info:    ... okay on input line 14.
LaTeX Font Info:    Checking defaults for U/cmr/m/n on input line 14.
LaTeX Font Info:    ... okay on input line 14.

-- Lines per column: 61 (exact).
(/usr/share/texlive/texmf-dist/tex/context/base/mkii/supp-pdf.mkii
[Loading MPS to PDF converter (version 2006.09.02).]
\scratchcounter=\count118
\scratchdimen=\dimen146
\scratchbox=\box32
\nofMPsegments=\count119
\nofMParguments=\count120
\everyMPshowfont=\toks25
\MPscratchCnt=\count121
\MPscratchDim=\dimen147
\MPnumerator=\count122
\makeMPintoPDFobject=\count123
\everyMPtoPDFconversion=\toks26
) (/usr/share/texlive/texmf-dist/tex/latex/oberdiek/epstopdf-base.sty
Package: epstopdf-base 2016/05/15 v2.6 Base part for package epstopdf

(/usr/share/texlive/texmf-dist/tex/generic/oberdiek/infwarerr.sty
Package: infwarerr 2016/05/16 v1.4 Providing info/warning/error messages (HO)
)
(/usr/share/texlive/texmf-dist/tex/latex/oberdiek/grfext.sty
Package: grfext 2016/05/16 v1.2 Manage graphics extensions (HO)

(/usr/share/texlive/texmf-dist/tex/generic/oberdiek/kvdefinekeys.sty
Package: kvdefinekeys 2016/05/16 v1.4 Define keys (HO)

(/usr/share/texlive/texmf-dist/tex/generic/oberdiek/ltxcmds.sty
Package: ltxcmds 2016/05/16 v1.23 LaTeX kernel commands for general use (HO)
)))
(/usr/share/texlive/texmf-dist/tex/latex/oberdiek/kvoptions.sty
Package: kvoptions 2016/05/16 v3.12 Key value format for package options (HO)

(/usr/share/texlive/texmf-dist/tex/generic/oberdiek/kvsetkeys.sty
Package: kvsetkeys 2016/05/16 v1.17 Key value parser (HO)

(/usr/share/texlive/texmf-dist/tex/generic/oberdiek/etexcmds.sty
Package: etexcmds 2016/05/16 v1.6 Avoid name clashes with e-TeX commands (HO)

(/usr/share/texlive/texmf-dist/tex/generic/oberdiek/ifluatex.sty
Package: ifluatex 2016/05/16 v1.4 Provides the ifluatex switch (HO)
Package ifluatex Info: LuaTeX not detected.
)
Package etexcmds Info: Could not find \expanded.
(etexcmds)             That can mean that you are not using pdfTeX 1.50 or
(etexcmds)             that some package has redefined \expanded.
(etexcmds)             In the latter case, load this package earlier.
)))
(/usr/share/texlive/texmf-dist/tex/generic/oberdiek/pdftexcmds.sty
Package: pdftexcmds 2018/01/21 v0.26 Utility functions of pdfTeX for LuaTeX (HO
)

(/usr/share/texlive/texmf-dist/tex/generic/oberdiek/ifpdf.sty
Package: ifpdf 2017/03/15 v3.2 Provides the ifpdf switch
)
Package pdftexcmds Info: LuaTeX not detected.
Package pdftexcmds Info: \pdf@primitive is available.
Package pdftexcmds Info: \pdf@ifprimitive is available.
Package pdftexcmds Info: \pdfdraftmode found.
)
Package epstopdf-base Info: Redefining graphics rule for `.eps' on input line 4
38.
Package grfext Info: Graphics extension search list:
(grfext)             [.pdf,.png,.jpg,.mps,.jpeg,.jbig2,.jb2,.PDF,.PNG,.JPG,.JPE
G,.JBIG2,.JB2,.eps]
(grfext)             \AppendGraphicsExtensions on input line 456.

(/usr/share/texlive/texmf-dist/tex/latex/latexconfig/epstopdf-sys.cfg
File: epstopdf-sys.cfg 2010/07/13 v1.3 Configuration of (r)epstopdf for TeX Liv
e
))
Package caption Info: Begin \AtBeginDocument code.
Package caption Info: End \AtBeginDocument code.
LaTeX Font Info:    Try loading font information for OT1+phv on input line 70.

(/usr/share/texlive/texmf-dist/tex/latex/psnfss/ot1phv.fd
File: ot1phv.fd 2001/06/04 scalable font definitions for OT1/phv.
)
LaTeX Font Info:    Font shape `OT1/phv/bx/n' in size <8.03> not available
(Font)              Font shape `OT1/phv/b/n' tried instead on input line 70.
LaTeX Font Info:    Calculating math sizes for size <11.04124> on input line 70
.
LaTeX Font Info:    Try loading font information for U+pzd on input line 70.

(/usr/share/texlive/texmf-dist/tex/latex/psnfss/upzd.fd
File: upzd.fd 2001/06/04 font definitions for U/pzd.
)
LaTeX Font Info:    Calculating math sizes for size <8.03> on input line 70.
LaTeX Font Info:    Try loading font information for OT1+pcr on input line 70.

(/usr/share/texlive/texmf-dist/tex/latex/psnfss/ot1pcr.fd
File: ot1pcr.fd 2001/06/04 font definitions for OT1/pcr.
)
LaTeX Font Info:    Font shape `OT1/pcr/m/it' in size <8.03> not available
(Font)              Font shape `OT1/pcr/m/sl' tried instead on input line 70.
LaTeX Font Info:    Font shape `OT1/phv/bx/n' in size <11.04124> not available
(Font)              Font shape `OT1/phv/b/n' tried instead on input line 90.
LaTeX Font Info:    Font shape `OT1/phv/bx/sc' in size <11.04124> not available

(Font)              Font shape `OT1/phv/b/sc' tried instead on input line 90.
<jetson.png, id=1, 581.17125pt x 333.245pt>
File: jetson.png Graphic file (type png)
<use jetson.png>
Package pdftex.def Info: jetson.png  used on input line 99.
(pdftex.def)             Requested size: 252.94499pt x 145.04175pt.

Underfull \vbox (badness 3179) has occurred while \output is active []

 [1{/var/lib/texmf/fonts/map/pdftex/updmap/pdftex.map}


 <./jetson.png>]
Missing character: There is no Â in font pplr7t!
Missing character: There is no ® in font pplr7t!
Missing character: There is no Â in font pplr7t!
Missing character: There is no ® in font pplr7t!
LaTeX Font Info:    Font shape `OT1/phv/bx/n' in size <9.53561> not available
(Font)              Font shape `OT1/phv/b/n' tried instead on input line 109.
LaTeX Font Info:    Calculating math sizes for size <9.53561> on input line 114
.
<unet.png, id=17, 1560.83125pt x 1039.885pt>
File: unet.png Graphic file (type png)
<use unet.png>
Package pdftex.def Info: unet.png  used on input line 133.
(pdftex.def)             Requested size: 216.81pt x 144.44046pt.
 [2]
<atrous_conv.png, id=23, 895.345pt x 420.57124pt>
File: atrous_conv.png Graphic file (type png)
<use atrous_conv.png>
Package pdftex.def Info: atrous_conv.png  used on input line 149.
(pdftex.def)             Requested size: 252.94499pt x 118.81801pt.
Missing character: There is no â in font pplr7t!
Missing character: There is no € in font pplr7t!
Missing character: There is no ™ in font pplr7t!
Missing character: There is no â in font pplr7t!
Missing character: There is no € in font pplr7t!
Missing character: There is no ™ in font pplr7t!
LaTeX Font Info:    Try loading font information for OMS+ppl on input line 160.


(/usr/share/texlive/texmf-dist/tex/latex/psnfss/omsppl.fd
File: omsppl.fd 
)
LaTeX Font Info:    Font shape `OMS/ppl/m/n' in size <9.53561> not available
(Font)              Font shape `OMS/cmsy/m/n' tried instead on input line 160.
 [3 <./unet.png> <./atrous_conv.png>]
<../neuroblastoma/110082.jpg, id=33, 513.92pt x 513.92pt>
File: ../neuroblastoma/110082.jpg Graphic file (type jpg)
<use ../neuroblastoma/110082.jpg>
Package pdftex.def Info: ../neuroblastoma/110082.jpg  used on input line 227.
(pdftex.def)             Requested size: 124.30724pt x 124.30785pt.
<../label/110082.jpg, id=34, 513.92pt x 513.92pt>
File: ../label/110082.jpg Graphic file (type jpg)
<use ../label/110082.jpg>
Package pdftex.def Info: ../label/110082.jpg  used on input line 231.
(pdftex.def)             Requested size: 124.30724pt x 124.30785pt.
<../neuroblastoma/110093.jpg, id=35, 513.92pt x 513.92pt>
File: ../neuroblastoma/110093.jpg Graphic file (type jpg)
<use ../neuroblastoma/110093.jpg>
Package pdftex.def Info: ../neuroblastoma/110093.jpg  used on input line 235.
(pdftex.def)             Requested size: 124.30724pt x 124.30785pt.
<../label/110093.jpg, id=36, 513.92pt x 513.92pt>
File: ../label/110093.jpg Graphic file (type jpg)
<use ../label/110093.jpg>
Package pdftex.def Info: ../label/110093.jpg  used on input line 239.
(pdftex.def)             Requested size: 124.30724pt x 124.30785pt.
<c127/108636.jpg, id=37, 533.995pt x 533.995pt>
File: c127/108636.jpg Graphic file (type jpg)
<use c127/108636.jpg>
Package pdftex.def Info: c127/108636.jpg  used on input line 243.
(pdftex.def)             Requested size: 124.30724pt x 124.30736pt.
<c127/108636-label.jpg, id=38, 533.995pt x 533.995pt>
File: c127/108636-label.jpg Graphic file (type jpg)
<use c127/108636-label.jpg>
Package pdftex.def Info: c127/108636-label.jpg  used on input line 247.
(pdftex.def)             Requested size: 124.30724pt x 124.30736pt.
<c127/108641.jpg, id=39, 533.995pt x 533.995pt>
File: c127/108641.jpg Graphic file (type jpg)
<use c127/108641.jpg>
Package pdftex.def Info: c127/108641.jpg  used on input line 251.
(pdftex.def)             Requested size: 124.30724pt x 124.30736pt.
<c127/108641-label.jpg, id=40, 533.995pt x 533.995pt>
File: c127/108641-label.jpg Graphic file (type jpg)
<use c127/108641-label.jpg>
Package pdftex.def Info: c127/108641-label.jpg  used on input line 255.
(pdftex.def)             Requested size: 124.30724pt x 124.30736pt.
LaTeX Font Info:    Font shape `OT1/phv/m/it' in size <9.53561> not available
(Font)              Font shape `OT1/phv/m/sl' tried instead on input line 261.
 [4]
Underfull \vbox (badness 10000) has occurred while \output is active []

 [5 <../neuroblastoma/110082.jpg> <../label/110082.jpg> <../neuroblastoma/11009
3.jpg> <../label/110093.jpg> <./c127/108636.jpg> <./c127/108636-label.jpg> <./c
127/108641.jpg> <./c127/108641-label.jpg>]
Missing character: There is no Â in font pplr7t!
Missing character: There is no ® in font pplr7t!
Missing character: There is no â in font pplr7t!
Missing character: There is no „ in font pplr7t!
Missing character: There is no ¢ in font pplr7t!
<110084.png, id=48, 513.92pt x 513.92pt>
File: 110084.png Graphic file (type png)
<use 110084.png>
Package pdftex.def Info: 110084.png  used on input line 307.
(pdftex.def)             Requested size: 253.79099pt x 253.79128pt.
<c127/yolo/108636.png, id=49, 533.995pt x 533.995pt>
File: c127/yolo/108636.png Graphic file (type png)
<use c127/yolo/108636.png>
Package pdftex.def Info: c127/yolo/108636.png  used on input line 310.
(pdftex.def)             Requested size: 253.79099pt x 253.78877pt.
<110085.png, id=50, 513.92pt x 513.92pt>
File: 110085.png Graphic file (type png)
<use 110085.png>
Package pdftex.def Info: 110085.png  used on input line 313.
(pdftex.def)             Requested size: 253.79099pt x 253.79128pt.
<c127/yolo/108641.png, id=51, 533.995pt x 533.995pt>
File: c127/yolo/108641.png Graphic file (type png)
<use c127/yolo/108641.png>
Package pdftex.def Info: c127/yolo/108641.png  used on input line 317.
(pdftex.def)             Requested size: 253.79099pt x 253.78877pt.
<yolocrf/110127.jpg, id=52, 417.56pt x 417.56pt>
File: yolocrf/110127.jpg Graphic file (type jpg)
<use yolocrf/110127.jpg>
Package pdftex.def Info: yolocrf/110127.jpg  used on input line 335.
(pdftex.def)             Requested size: 123.94443pt x 123.9437pt.
<yolocrf/110127-label.jpg, id=53, 513.92pt x 513.92pt>
File: yolocrf/110127-label.jpg Graphic file (type jpg)
<use yolocrf/110127-label.jpg>
Package pdftex.def Info: yolocrf/110127-label.jpg  used on input line 339.
(pdftex.def)             Requested size: 123.94443pt x 123.93929pt.
<yolocrf/110137.jpg, id=54, 417.56pt x 417.56pt>
File: yolocrf/110137.jpg Graphic file (type jpg)
<use yolocrf/110137.jpg>
Package pdftex.def Info: yolocrf/110137.jpg  used on input line 343.
(pdftex.def)             Requested size: 123.94443pt x 123.9437pt.
<yolocrf/110137-label.jpg, id=55, 513.92pt x 513.92pt>
File: yolocrf/110137-label.jpg Graphic file (type jpg)
<use yolocrf/110137-label.jpg>
Package pdftex.def Info: yolocrf/110137-label.jpg  used on input line 347.
(pdftex.def)             Requested size: 123.94443pt x 123.93929pt.
<unet/110115-semantic.jpg, id=56, 513.92pt x 513.92pt>
File: unet/110115-semantic.jpg Graphic file (type jpg)
<use unet/110115-semantic.jpg>
Package pdftex.def Info: unet/110115-semantic.jpg  used on input line 357.
(pdftex.def)             Requested size: 123.94443pt x 123.93929pt.
<unet/110115.jpg, id=57, 513.92pt x 513.92pt>
File: unet/110115.jpg Graphic file (type jpg)
<use unet/110115.jpg>
Package pdftex.def Info: unet/110115.jpg  used on input line 361.
(pdftex.def)             Requested size: 123.94443pt x 123.93929pt.
<c127/unet/108641-semantic.jpg, id=58, 533.995pt x 533.995pt>
File: c127/unet/108641-semantic.jpg Graphic file (type jpg)
<use c127/unet/108641-semantic.jpg>
Package pdftex.def Info: c127/unet/108641-semantic.jpg  used on input line 365.

(pdftex.def)             Requested size: 123.94443pt x 123.9407pt.
File: c127/108641-label.jpg Graphic file (type jpg)
<use c127/108641-label.jpg>
Package pdftex.def Info: c127/108641-label.jpg  used on input line 369.
(pdftex.def)             Requested size: 123.94443pt x 123.9407pt.
<deeplab/110115.jpg, id=59, 417.56pt x 417.56pt>
File: deeplab/110115.jpg Graphic file (type jpg)
<use deeplab/110115.jpg>
Package pdftex.def Info: deeplab/110115.jpg  used on input line 380.
(pdftex.def)             Requested size: 123.94443pt x 123.9437pt.
File: unet/110115.jpg Graphic file (type jpg)
<use unet/110115.jpg>
Package pdftex.def Info: unet/110115.jpg  used on input line 384.
(pdftex.def)             Requested size: 123.94443pt x 123.93929pt.
<c127/deeplab/108641.jpg, id=60, 533.995pt x 533.995pt>
File: c127/deeplab/108641.jpg Graphic file (type jpg)
<use c127/deeplab/108641.jpg>
Package pdftex.def Info: c127/deeplab/108641.jpg  used on input line 388.
(pdftex.def)             Requested size: 123.94443pt x 123.9407pt.
File: c127/108641-label.jpg Graphic file (type jpg)
<use c127/108641-label.jpg>
Package pdftex.def Info: c127/108641-label.jpg  used on input line 392.
(pdftex.def)             Requested size: 123.94443pt x 123.9407pt.
Package epstopdf Info: Source file: <weights/110115-wmap.eps>
(epstopdf)                    date: 2019-06-19 16:40:33
(epstopdf)                    size: 288272 bytes
(epstopdf)             Output file: <weights/110115-wmap-eps-converted-to.pdf>
(epstopdf)                    date: 2019-06-19 16:41:02
(epstopdf)                    size: 33949 bytes
(epstopdf)             Command: <repstopdf --outfile=weights/110115-wmap-eps-co
nverted-to.pdf weights/110115-wmap.eps>
(epstopdf)             \includegraphics on input line 409.
Package epstopdf Info: Output file is already uptodate.


pdfTeX warning: pdflatex (file ./weights/110115-wmap-eps-converted-to.pdf): PDF
 inclusion: found PDF version <1.7>, but at most version <1.5> allowed
<weights/110115-wmap-eps-converted-to.pdf, id=61, 217.81375pt x 217.81375pt>
File: weights/110115-wmap-eps-converted-to.pdf Graphic file (type pdf)
<use weights/110115-wmap-eps-converted-to.pdf>
Package pdftex.def Info: weights/110115-wmap-eps-converted-to.pdf  used on inpu
t line 409.
(pdftex.def)             Requested size: 123.94443pt x 123.9424pt.
File: unet/110115.jpg Graphic file (type jpg)
<use unet/110115.jpg>
Package pdftex.def Info: unet/110115.jpg  used on input line 412.
(pdftex.def)             Requested size: 123.94443pt x 123.93929pt.
Package epstopdf Info: Source file: <weights/108641-wmap.eps>
(epstopdf)                    date: 2019-06-19 16:41:27
(epstopdf)                    size: 288272 bytes
(epstopdf)             Output file: <weights/108641-wmap-eps-converted-to.pdf>
(epstopdf)                    date: 2019-06-19 16:41:45
(epstopdf)                    size: 16141 bytes
(epstopdf)             Command: <repstopdf --outfile=weights/108641-wmap-eps-co
nverted-to.pdf weights/108641-wmap.eps>
(epstopdf)             \includegraphics on input line 415.
Package epstopdf Info: Output file is already uptodate.


pdfTeX warning: pdflatex (file ./weights/108641-wmap-eps-converted-to.pdf): PDF
 inclusion: found PDF version <1.7>, but at most version <1.5> allowed
<weights/108641-wmap-eps-converted-to.pdf, id=62, 217.81375pt x 217.81375pt>
File: weights/108641-wmap-eps-converted-to.pdf Graphic file (type pdf)
<use weights/108641-wmap-eps-converted-to.pdf>
Package pdftex.def Info: weights/108641-wmap-eps-converted-to.pdf  used on inpu
t line 415.
(pdftex.def)             Requested size: 123.94443pt x 123.9424pt.
File: c127/108641-label.jpg Graphic file (type jpg)
<use c127/108641-label.jpg>
Package pdftex.def Info: c127/108641-label.jpg  used on input line 418.
(pdftex.def)             Requested size: 123.94443pt x 123.9407pt.
[6]
Underfull \vbox (badness 1609) has occurred while \output is active []


Underfull \vbox (badness 1609) has occurred while \output is active []

 [7 <./110084.png (PNG copy)> <./c127/yolo/108636.png (PNG copy)> <./110085.png
 (PNG copy)> <./c127/yolo/108641.png (PNG copy)>]
<weighted/110115-unet.jpg, id=70, 513.92pt x 513.92pt>
File: weighted/110115-unet.jpg Graphic file (type jpg)
<use weighted/110115-unet.jpg>
Package pdftex.def Info: weighted/110115-unet.jpg  used on input line 439.
(pdftex.def)             Requested size: 123.94443pt x 123.93929pt.
<weighted/110115-deeplab.jpg, id=71, 513.92pt x 513.92pt>
File: weighted/110115-deeplab.jpg Graphic file (type jpg)
<use weighted/110115-deeplab.jpg>
Package pdftex.def Info: weighted/110115-deeplab.jpg  used on input line 442.
(pdftex.def)             Requested size: 123.94443pt x 123.93929pt.
<c127/unet-weighted/108641.jpg, id=72, 533.995pt x 533.995pt>
File: c127/unet-weighted/108641.jpg Graphic file (type jpg)
<use c127/unet-weighted/108641.jpg>
Package pdftex.def Info: c127/unet-weighted/108641.jpg  used on input line 445.

(pdftex.def)             Requested size: 123.94443pt x 123.9407pt.
<c127/deeplab-weighted/108641.jpg, id=73, 533.995pt x 533.995pt>
File: c127/deeplab-weighted/108641.jpg Graphic file (type jpg)
<use c127/deeplab-weighted/108641.jpg>
Package pdftex.def Info: c127/deeplab-weighted/108641.jpg  used on input line 4
49.
(pdftex.def)             Requested size: 123.94443pt x 123.9407pt.
<yolounetcrf/110115-yolounetcrf.jpg, id=74, 272.01625pt x 272.01625pt>
File: yolounetcrf/110115-yolounetcrf.jpg Graphic file (type jpg)
<use yolounetcrf/110115-yolounetcrf.jpg>
Package pdftex.def Info: yolounetcrf/110115-yolounetcrf.jpg  used on input line
 457.
(pdftex.def)             Requested size: 123.94443pt x 123.94606pt.
<yolounetcrf/110115-label.jpg, id=75, 217.81375pt x 217.81375pt>
File: yolounetcrf/110115-label.jpg Graphic file (type jpg)
<use yolounetcrf/110115-label.jpg>
Package pdftex.def Info: yolounetcrf/110115-label.jpg  used on input line 461.
(pdftex.def)             Requested size: 123.94443pt x 123.9424pt.
<yolounetcrf/108641-yolounetcrf.jpg, id=76, 272.01625pt x 272.01625pt>
File: yolounetcrf/108641-yolounetcrf.jpg Graphic file (type jpg)
<use yolounetcrf/108641-yolounetcrf.jpg>
Package pdftex.def Info: yolounetcrf/108641-yolounetcrf.jpg  used on input line
 465.
(pdftex.def)             Requested size: 123.94443pt x 123.94606pt.
<yolounetcrf/108641-label.jpg, id=77, 217.81375pt x 217.81375pt>
File: yolounetcrf/108641-label.jpg Graphic file (type jpg)
<use yolounetcrf/108641-label.jpg>
Package pdftex.def Info: yolounetcrf/108641-label.jpg  used on input line 469.
(pdftex.def)             Requested size: 123.94443pt x 123.9424pt.
Package epstopdf Info: Source file: <graphs/Mean-Intersection-over-Union-(Neuro
blastoma).eps>
(epstopdf)                    date: 2019-06-21 16:37:34
(epstopdf)                    size: 31668 bytes
(epstopdf)             Output file: <graphs/Mean-Intersection-over-Union-(Neuro
blastoma)-eps-converted-to.pdf>
(epstopdf)                    date: 2019-06-21 16:37:58
(epstopdf)                    size: 17111 bytes
(epstopdf)             Command: <repstopdf --outfile=graphs/Mean-Intersection-o
ver-Union-(Neuroblastoma)-eps-converted-to.pdf graphs/Mean-Intersection-over-Un
ion-(Neuroblastoma).eps>
(epstopdf)             \includegraphics on input line 479.
Package epstopdf Info: Output file is already uptodate.


pdfTeX warning: pdflatex (file ./graphs/Mean-Intersection-over-Union-(Neuroblas
toma)-eps-converted-to.pdf): PDF inclusion: found PDF version <1.7>, but at mos
t version <1.5> allowed
<graphs/Mean-Intersection-over-Union-(Neuroblastoma)-eps-converted-to.pdf, id=7
8, 433.62pt x 289.08pt>
File: graphs/Mean-Intersection-over-Union-(Neuroblastoma)-eps-converted-to.pdf 
Graphic file (type pdf)
<use graphs/Mean-Intersection-over-Union-(Neuroblastoma)-eps-converted-to.pdf>
Package pdftex.def Info: graphs/Mean-Intersection-over-Union-(Neuroblastoma)-ep
s-converted-to.pdf  used on input line 479.
(pdftex.def)             Requested size: 253.79099pt x 169.19713pt.
Package epstopdf Info: Source file: <graphs/Mean-Intersection-over-Union-(C127)
.eps>
(epstopdf)                    date: 2019-06-21 16:37:34
(epstopdf)                    size: 31656 bytes
(epstopdf)             Output file: <graphs/Mean-Intersection-over-Union-(C127)
-eps-converted-to.pdf>
(epstopdf)                    date: 2019-06-21 16:37:58
(epstopdf)                    size: 17092 bytes
(epstopdf)             Command: <repstopdf --outfile=graphs/Mean-Intersection-o
ver-Union-(C127)-eps-converted-to.pdf graphs/Mean-Intersection-over-Union-(C127
).eps>
(epstopdf)             \includegraphics on input line 482.
Package epstopdf Info: Output file is already uptodate.


pdfTeX warning: pdflatex (file ./graphs/Mean-Intersection-over-Union-(C127)-eps
-converted-to.pdf): PDF inclusion: found PDF version <1.7>, but at most version
 <1.5> allowed
<graphs/Mean-Intersection-over-Union-(C127)-eps-converted-to.pdf, id=79, 433.62
pt x 289.08pt>
File: graphs/Mean-Intersection-over-Union-(C127)-eps-converted-to.pdf Graphic f
ile (type pdf)
<use graphs/Mean-Intersection-over-Union-(C127)-eps-converted-to.pdf>
Package pdftex.def Info: graphs/Mean-Intersection-over-Union-(C127)-eps-convert
ed-to.pdf  used on input line 482.
(pdftex.def)             Requested size: 253.79099pt x 169.19713pt.
Package epstopdf Info: Source file: <graphs/Mean-Panoptic-Quality-(Neuroblastom
a).eps>
(epstopdf)                    date: 2019-06-21 16:37:34
(epstopdf)                    size: 31123 bytes
(epstopdf)             Output file: <graphs/Mean-Panoptic-Quality-(Neuroblastom
a)-eps-converted-to.pdf>
(epstopdf)                    date: 2019-06-21 16:37:58
(epstopdf)                    size: 17859 bytes
(epstopdf)             Command: <repstopdf --outfile=graphs/Mean-Panoptic-Quali
ty-(Neuroblastoma)-eps-converted-to.pdf graphs/Mean-Panoptic-Quality-(Neuroblas
toma).eps>
(epstopdf)             \includegraphics on input line 485.
Package epstopdf Info: Output file is already uptodate.


pdfTeX warning: pdflatex (file ./graphs/Mean-Panoptic-Quality-(Neuroblastoma)-e
ps-converted-to.pdf): PDF inclusion: found PDF version <1.7>, but at most versi
on <1.5> allowed
<graphs/Mean-Panoptic-Quality-(Neuroblastoma)-eps-converted-to.pdf, id=80, 433.
62pt x 289.08pt>
File: graphs/Mean-Panoptic-Quality-(Neuroblastoma)-eps-converted-to.pdf Graphic
 file (type pdf)
<use graphs/Mean-Panoptic-Quality-(Neuroblastoma)-eps-converted-to.pdf>
Package pdftex.def Info: graphs/Mean-Panoptic-Quality-(Neuroblastoma)-eps-conve
rted-to.pdf  used on input line 485.
(pdftex.def)             Requested size: 253.79099pt x 169.19713pt.
Package epstopdf Info: Source file: <graphs/Mean-Panoptic-Quality-(C127).eps>
(epstopdf)                    date: 2019-06-21 16:37:34
(epstopdf)                    size: 32883 bytes
(epstopdf)             Output file: <graphs/Mean-Panoptic-Quality-(C127)-eps-co
nverted-to.pdf>
(epstopdf)                    date: 2019-06-21 16:37:58
(epstopdf)                    size: 17727 bytes
(epstopdf)             Command: <repstopdf --outfile=graphs/Mean-Panoptic-Quali
ty-(C127)-eps-converted-to.pdf graphs/Mean-Panoptic-Quality-(C127).eps>
(epstopdf)             \includegraphics on input line 489.
Package epstopdf Info: Output file is already uptodate.


pdfTeX warning: pdflatex (file ./graphs/Mean-Panoptic-Quality-(C127)-eps-conver
ted-to.pdf): PDF inclusion: found PDF version <1.7>, but at most version <1.5> 
allowed
<graphs/Mean-Panoptic-Quality-(C127)-eps-converted-to.pdf, id=81, 433.62pt x 28
9.08pt>
File: graphs/Mean-Panoptic-Quality-(C127)-eps-converted-to.pdf Graphic file (ty
pe pdf)
<use graphs/Mean-Panoptic-Quality-(C127)-eps-converted-to.pdf>
Package pdftex.def Info: graphs/Mean-Panoptic-Quality-(C127)-eps-converted-to.p
df  used on input line 489.
(pdftex.def)             Requested size: 253.79099pt x 169.19713pt.
[8 <./yolocrf/110127.jpg> <./yolocrf/110127-label.jpg> <./yolocrf/110137.jpg> <
./yolocrf/110137-label.jpg> <./unet/110115-semantic.jpg> <./unet/110115.jpg> <.
/c127/unet/108641-semantic.jpg>] [9 <./deeplab/110115.jpg> <./c127/deeplab/1086
41.jpg> <./weights/110115-wmap-eps-converted-to.pdf> <./weights/108641-wmap-eps
-converted-to.pdf> <./weighted/110115-unet.jpg> <./weighted/110115-deeplab.jpg>
 <./c127/unet-weighted/108641.jpg> <./c127/deeplab-weighted/108641.jpg> <./yolo
unetcrf/110115-yolounetcrf.jpg> <./yolounetcrf/110115-label.jpg> <./yolounetcrf
/108641-yolounetcrf.jpg> <./yolounetcrf/108641-label.jpg>]
(./ONBI_ROTATION_PROJECT1_DELASPENAS.bbl [10 <./graphs/Mean-Intersection-over-U
nion-(Neuroblastoma)-eps-converted-to.pdf> <./graphs/Mean-Intersection-over-Uni
on-(C127)-eps-converted-to.pdf> <./graphs/Mean-Panoptic-Quality-(Neuroblastoma)
-eps-converted-to.pdf> <./graphs/Mean-Panoptic-Quality-(C127)-eps-converted-to.
pdf>]
Underfull \hbox (badness 10000) in paragraph at lines 63--66
[]\OT1/ppl/m/n/8.03 NVIDIA De-vel-oper. (2019) Hard-ware
 []


Underfull \hbox (badness 5985) in paragraph at lines 63--66
\OT1/ppl/m/n/8.03 for ev-ery sit-u-a-tion. [On-line]. Avail-able:
 []

Missing character: There is no Ã in font pplr7t!
Missing character: There is no Ã in font pplr7t!
Missing character: There is no ‡ in font pplr7t!
Missing character: There is no Ã in font pplr7t!
Missing character: There is no § in font pplr7t!
Missing character: There is no Ã in font pplr7t!
Missing character: There is no ¶ in font pplr7t!
) [11] (./ONBI_ROTATION_PROJECT1_DELASPENAS.aux) ) 
Here is how much of TeX's memory you used:
 5072 strings out of 492982
 83501 string characters out of 6134896
 153952 words of memory out of 5000000
 8511 multiletter control sequences out of 15000+600000
 49258 words of font info for 106 fonts, out of 8000000 for 9000
 1144 hyphenation exceptions out of 8191
 42i,8n,40p,1281b,417s stack positions out of 5000i,500n,10000p,200000b,80000s
{/usr/share/texlive/texmf-dis
t/fonts/enc/dvips/base/8r.enc}</usr/share/texlive/texmf-dist/fonts/type1/public
/amsfonts/cm/cmex10.pfb></usr/share/texlive/texmf-dist/fonts/type1/public/amsfo
nts/cm/cmmi10.pfb></usr/share/texlive/texmf-dist/fonts/type1/public/amsfonts/cm
/cmmi7.pfb></usr/share/texlive/texmf-dist/fonts/type1/public/amsfonts/cm/cmr10.
pfb></usr/share/texlive/texmf-dist/fonts/type1/public/amsfonts/cm/cmr7.pfb></us
r/share/texlive/texmf-dist/fonts/type1/public/amsfonts/cm/cmsy10.pfb></usr/shar
e/texlive/texmf-dist/fonts/type1/public/amsfonts/cm/cmsy7.pfb></usr/share/texli
ve/texmf-dist/fonts/type1/public/amsfonts/cm/cmsy8.pfb></usr/share/texlive/texm
f-dist/fonts/type1/urw/courier/ucrro8a.pfb></usr/share/texlive/texmf-dist/fonts
/type1/urw/helvetic/uhvb8a.pfb></usr/share/texlive/texmf-dist/fonts/type1/urw/h
elvetic/uhvr8a.pfb></usr/share/texlive/texmf-dist/fonts/type1/urw/helvetic/uhvr
o8a.pfb></usr/share/texlive/texmf-dist/fonts/type1/urw/palatino/uplb8a.pfb></us
r/share/texlive/texmf-dist/fonts/type1/urw/palatino/uplr8a.pfb></usr/share/texl
ive/texmf-dist/fonts/type1/urw/palatino/uplri8a.pfb></usr/share/texlive/texmf-d
ist/fonts/type1/urw/zapfding/uzdr.pfb>
Output written on ONBI_ROTATION_PROJECT1_DELASPENAS.pdf (11 pages, 2873356 byte
s).
PDF statistics:
 335 PDF objects out of 1000 (max. 8388607)
 98 compressed objects within 1 object stream
 0 named destinations out of 1000 (max. 500000)
 191 words of extra memory for PDF output out of 10000 (max. 10000000)

